d:\dumper injector\esp line\x64\release\vc143.pdb
d:\dumper injector\esp line\x64\release\esp line.obj
d:\esp line\x64\release\esp line.exe
d:\esp line\esp line\x64\release\esp line.ipdb
d:\esp line\x64\release\esp line.pdb
d:\esp line\esp line\x64\release\esp line.iobj
d:\dumper injector\x64\release\esp line.exe
d:\dumper injector\esp line\x64\release\esp line.ipdb
d:\dumper injector\x64\release\esp line.pdb
d:\dumper injector\esp line\x64\release\esp line.iobj
d:\esp line\esp line\x64\release\esp line.res
d:\dumper injector\esp line\x64\release\esp line.res
d:\dumper injector\esp line\x64\release\esp line.tlog\cl.command.1.tlog
d:\dumper injector\esp line\x64\release\esp line.tlog\cl.items.tlog
d:\dumper injector\esp line\x64\release\esp line.tlog\cl.read.1.tlog
d:\dumper injector\esp line\x64\release\esp line.tlog\cl.write.1.tlog
d:\dumper injector\esp line\x64\release\esp line.tlog\link.command.1.tlog
d:\dumper injector\esp line\x64\release\esp line.tlog\link.read.1.tlog
d:\dumper injector\esp line\x64\release\esp line.tlog\link.write.1.tlog
d:\dumper injector\esp line\x64\release\esp line.tlog\rc.command.1.tlog
d:\dumper injector\esp line\x64\release\esp line.tlog\rc.read.1.tlog
d:\dumper injector\esp line\x64\release\esp line.tlog\rc.write.1.tlog
